<?xml version="1.0" encoding="UTF-8"?>
<!-- Generated by org.testng.reporters.JUnitReportReporter -->
<testsuite hostname="Lenovo" failures="0" tests="3" name="TestRunner.TestRunner" time="93.620" errors="0" timestamp="2021-03-27T11:40:25 IST" skipped="0">
  <testcase classname="TestRunner.TestRunner" name="feature" time="35.448"/>
  <system-out/>
  <testcase classname="TestRunner.TestRunner" name="feature" time="30.256"/>
  <system-out/>
  <testcase classname="TestRunner.TestRunner" name="feature" time="27.916"/>
  <system-out/>
</testsuite> <!-- TestRunner.TestRunner -->
